10 WSCREEN=SCREENWIDTH(0):HSCREEN=SCREENHEIGHT(0)
15 FOR T%=0 TO 7
20 NAME$="logo"+STR$(T%):NAMEF$=NAME$+".png": GELLOAD NAME$,NAMEF$
25 NEXT T%
30 SETCOLOR 255,255,255: FILLRECT 0,0,WSCREEN,HSCREEN: REPAINT: SLEEP 2222
40 GELLOAD "m","logom.png": SPRITEGEL "m","m":XM=((WSCREEN-240)/2)-240:YM=(HSCREEN-68)/2
45 FOR T%=0 TO 7
50 NAME$="logo"+STR$(T%): DRAWGEL NAME$,(WSCREEN-240)/2,(HSCREEN-68)/2: REPAINT: SLEEP 62
55 NEXT T%
110 SPRITEMOVE "m",XM,YM:XM=XM+5: REPAINT: SLEEP 20
120 IF XM>((WSCREEN-240)/2)+240 THEN  SPRITEMOVE "m",WSCREEN+240,0: SLEEP 1111: GOTO 135
130 GOTO 110
135 FOR T%=0 TO 7
140 NAME$="logo"+STR$(7-T%): DRAWGEL NAME$,(WSCREEN-240)/2,(HSCREEN-68)/2: REPAINT: SLEEP 62
145 NEXT T%
150 SETCOLOR 255,255,255: FILLRECT 0,0,WSCREEN,HSCREEN: REPAINT: SLEEP 1111
160 GELLOAD "son","sonic.png": SPRITEGEL "nos","son"
170 GELLOAD "nos","cinos.png": SPRITEGEL "son","nos"
180 YC=(HSCREEN-213)/2:XC=(WSCREEN-144)/2
190 YS=YC+152:XS=(WSCREEN-240)/2
200 X_CINOS=WSCREEN:DX_C=X_CINOS-XC:OC=XC+DX_C/2:RC=DX_C/2
210 X_SONIC=-240:DX_S=XS-X_SONIC:OS=X_SONIC+DX_S/2:RS=DX_S/2
230 FOR T%=0 TO 180 STEP 3
235 AF=T%*3.1416/180
240 X1=OC+RC*COS(AF):Y1=YC: SPRITEMOVE "son",X1,Y1
250 X2=OS-RS*COS(AF):Y2=YS: SPRITEMOVE "nos",X2,Y2
256 N%=T%/10
260 REPAINT: SLEEP N%
270 NEXT T%
275 SLEEP 2222
280 FOR T%=0 TO 180 STEP 3
290 AF=T%*3.1416/180
300 X1=XC-RC+RC*COS(AF):Y1=YC: SPRITEMOVE "son",X1,Y1
310 X2=XS+RS-RS*COS(AF):Y2=YS: SPRITEMOVE "nos",X2,Y2
312 N%=18-T%/10
320 REPAINT: SLEEP N%
330 NEXT T%
340 SLEEP 1111
350 CALL "/menu.bas"
